2025-05-22 16:44:42 [INFO] Adding middleware to path: /src/{{*p}}
2025-05-22 16:44:42 [INFO] Adding middleware to path: /css/{{*p}}
2025-05-22 16:44:42 [INFO] Adding middleware to path: /expressjs_tests/{{*p}}
2025-05-22 16:44:42 [INFO] Adding middleware to path: /{*p}
2025-05-22 16:44:42 [INFO] Adding middleware to path: /{*p}
2025-05-22 16:44:42 [INFO] Adding middleware to path: /{{*p}}
2025-05-22 16:44:42 [INFO] Adding get handler to path: /
2025-05-22 16:44:42 [INFO] Adding get handler to path: /json
2025-05-22 16:44:42 [INFO] Adding get handler to path: /redirect
2025-05-22 16:44:42 [INFO] Adding get handler to path: /status
2025-05-22 16:44:42 [INFO] Adding get handler to path: /status/{status}
2025-05-22 16:44:42 [INFO] Adding get handler to path: /file
2025-05-22 16:44:42 [INFO] Adding middleware to path: /hello
2025-05-22 16:44:42 [INFO] Adding get handler to path: /hello
2025-05-22 16:44:42 [INFO] 🚀 Server running!
2025-05-22 16:44:42 [INFO] 📍 Local:   http://localhost:9000/
2025-05-22 16:44:42 [INFO] 🌐 Network: http://192.168.1.78:9000/
2025-05-22 16:45:06 [INFO] 🛑 Received Ctrl+C, shutting down server...
2025-05-22 16:45:14 [INFO] Adding middleware to path: /src/{{*p}}
2025-05-22 16:45:14 [INFO] Adding middleware to path: /css/{{*p}}
2025-05-22 16:45:14 [INFO] Adding middleware to path: /expressjs_tests/{{*p}}
2025-05-22 16:45:14 [INFO] Adding middleware to path: /{*p}
2025-05-22 16:45:14 [INFO] Adding middleware to path: /{*p}
2025-05-22 16:45:14 [INFO] Adding middleware to path: /{{*p}}
2025-05-22 16:45:14 [INFO] Adding get handler to path: /
2025-05-22 16:45:14 [INFO] Adding get handler to path: /json
2025-05-22 16:45:14 [INFO] Adding get handler to path: /redirect
2025-05-22 16:45:14 [INFO] Adding get handler to path: /status
2025-05-22 16:45:14 [INFO] Adding get handler to path: /status/{status}
2025-05-22 16:45:14 [INFO] Adding get handler to path: /file
2025-05-22 16:45:14 [INFO] Adding middleware to path: /hello
2025-05-22 16:45:14 [INFO] Adding get handler to path: /hello
2025-05-22 16:45:14 [INFO] 🚀 Server running!
2025-05-22 16:45:14 [INFO] 📍 Local:   http://localhost:9000/
2025-05-22 16:45:14 [INFO] 🌐 Network: http://192.168.1.78:9000/
2025-05-22 16:45:16 [INFO] GET /hello - User-Agent: oha/1.8.0
2025-05-22 16:45:16 [INFO] GET /hello - User-Agent: oha/1.8.0
2025-05-22 16:45:16 [INFO] GET /hello - User-Agent: oha/1.8.0
2025-05-22 16:45:16 [INFO] GET /hello - User-Agent: oha/1.8.0
2025-05-22 16:45:16 [INFO] GET /hello - User-Agent: oha/1.8.0
2025-05-22 16:45:16 [INFO] GET /hello - User-Agent: oha/1.8.0
2025-05-22 16:45:16 [INFO] GET /hello - User-Agent: oha/1.8.0
2025-05-22 16:45:16 [INFO] GET /hello - User-Agent: oha/1.8.0
2025-05-22 16:45:16 [INFO] GET /hello - User-Agent: oha/1.8.0
2025-05-22 16:45:16 [INFO] GET /hello - User-Agent: oha/1.8.0
2025-05-22 16:45:16 [INFO] GET /hello - User-Agent: oha/1.8.0
2025-05-22 16:45:16 [INFO] GET /hello - User-Agent: oha/1.8.0
2025-05-22 16:45:16 [INFO] GET /hello - User-Agent: oha/1.8.0
2025-05-22 16:45:16 [INFO] GET /hello - User-Agent: oha/1.8.0
2025-05-22 16:45:16 [INFO] GET /hello - User-Agent: oha/1.8.0
2025-05-22 16:45:16 [INFO] GET /hello - User-Agent: oha/1.8.0
2025-05-22 16:45:16 [INFO] GET /hello - User-Agent: oha/1.8.0
2025-05-22 16:45:16 [INFO] GET /hello - User-Agent: oha/1.8.0
2025-05-22 16:45:16 [INFO] GET /hello - User-Agent: oha/1.8.0
2025-05-22 16:45:16 [INFO] GET /hello - User-Agent: oha/1.8.0
2025-05-22 16:45:16 [INFO] GET /hello - User-Agent: oha/1.8.0
2025-05-22 16:45:16 [INFO] GET /hello - User-Agent: oha/1.8.0
2025-05-22 16:45:16 [INFO] GET /hello - User-Agent: oha/1.8.0
2025-05-22 16:45:16 [INFO] GET /hello - User-Agent: oha/1.8.0
2025-05-22 16:45:16 [INFO] GET /hello - User-Agent: oha/1.8.0
2025-05-22 16:45:16 [INFO] GET /hello - User-Agent: oha/1.8.0
2025-05-22 16:45:16 [INFO] GET /hello - User-Agent: oha/1.8.0
2025-05-22 16:45:16 [INFO] GET /hello - User-Agent: oha/1.8.0
2025-05-22 16:45:16 [INFO] GET /hello - User-Agent: oha/1.8.0
2025-05-22 16:45:16 [INFO] GET /hello - User-Agent: oha/1.8.0
2025-05-22 16:45:16 [INFO] GET /hello - User-Agent: oha/1.8.0
2025-05-22 16:45:16 [INFO] GET /hello - User-Agent: oha/1.8.0
2025-05-22 16:45:16 [INFO] GET /hello - User-Agent: oha/1.8.0
2025-05-22 16:45:16 [INFO] GET /hello - User-Agent: oha/1.8.0
2025-05-22 16:45:16 [INFO] GET /hello - User-Agent: oha/1.8.0
2025-05-22 16:45:16 [INFO] GET /hello - User-Agent: oha/1.8.0
2025-05-22 16:45:16 [INFO] GET /hello - User-Agent: oha/1.8.0
2025-05-22 16:45:16 [INFO] GET /hello - User-Agent: oha/1.8.0
2025-05-22 16:45:16 [INFO] GET /hello - User-Agent: oha/1.8.0
2025-05-22 16:45:16 [INFO] GET /hello - User-Agent: oha/1.8.0
2025-05-22 16:45:16 [INFO] GET /hello - User-Agent: oha/1.8.0
2025-05-22 16:45:16 [INFO] GET /hello - User-Agent: oha/1.8.0
2025-05-22 16:45:16 [INFO] GET /hello - User-Agent: oha/1.8.0
2025-05-22 16:45:16 [INFO] GET /hello - User-Agent: oha/1.8.0
2025-05-22 16:45:16 [INFO] GET /hello - User-Agent: oha/1.8.0
2025-05-22 16:45:16 [INFO] GET /hello - User-Agent: oha/1.8.0
2025-05-22 16:45:16 [INFO] GET /hello - User-Agent: oha/1.8.0
2025-05-22 16:45:16 [INFO] GET /hello - User-Agent: oha/1.8.0
2025-05-22 16:45:16 [INFO] GET /hello - User-Agent: oha/1.8.0
2025-05-22 16:45:16 [INFO] GET /hello - User-Agent: oha/1.8.0
2025-05-22 16:45:16 [INFO] GET /hello - User-Agent: oha/1.8.0
2025-05-22 16:45:16 [INFO] GET /hello - User-Agent: oha/1.8.0
2025-05-22 16:45:16 [INFO] GET /hello - User-Agent: oha/1.8.0
2025-05-22 16:45:16 [INFO] GET /hello - User-Agent: oha/1.8.0
2025-05-22 16:45:16 [INFO] GET /hello - User-Agent: oha/1.8.0
2025-05-22 16:45:16 [INFO] GET /hello - User-Agent: oha/1.8.0
2025-05-22 16:45:16 [INFO] GET /hello - User-Agent: oha/1.8.0
2025-05-22 16:45:16 [INFO] GET /hello - User-Agent: oha/1.8.0
2025-05-22 16:45:16 [INFO] GET /hello - User-Agent: oha/1.8.0
2025-05-22 16:45:16 [INFO] GET /hello - User-Agent: oha/1.8.0
2025-05-22 16:45:16 [INFO] GET /hello - User-Agent: oha/1.8.0
2025-05-22 16:45:16 [INFO] GET /hello - User-Agent: oha/1.8.0
2025-05-22 16:45:16 [INFO] GET /hello - User-Agent: oha/1.8.0
2025-05-22 16:45:16 [INFO] GET /hello - User-Agent: oha/1.8.0
2025-05-22 16:45:16 [INFO] GET /hello - User-Agent: oha/1.8.0
2025-05-22 16:45:16 [INFO] GET /hello - User-Agent: oha/1.8.0
2025-05-22 16:45:16 [INFO] GET /hello - User-Agent: oha/1.8.0
2025-05-22 16:45:16 [INFO] GET /hello - User-Agent: oha/1.8.0
2025-05-22 16:45:16 [INFO] GET /hello - User-Agent: oha/1.8.0
2025-05-22 16:45:16 [INFO] GET /hello - User-Agent: oha/1.8.0
2025-05-22 16:45:16 [INFO] GET /hello - User-Agent: oha/1.8.0
2025-05-22 16:45:16 [INFO] GET /hello - User-Agent: oha/1.8.0
2025-05-22 16:45:16 [INFO] GET /hello - User-Agent: oha/1.8.0
2025-05-22 16:45:16 [INFO] GET /hello - User-Agent: oha/1.8.0
2025-05-22 16:45:16 [INFO] GET /hello - User-Agent: oha/1.8.0
2025-05-22 16:45:16 [INFO] GET /hello - User-Agent: oha/1.8.0
2025-05-22 16:45:16 [INFO] GET /hello - User-Agent: oha/1.8.0
2025-05-22 16:45:16 [INFO] GET /hello - User-Agent: oha/1.8.0
2025-05-22 16:45:16 [INFO] GET /hello - User-Agent: oha/1.8.0
2025-05-22 16:45:16 [INFO] GET /hello - User-Agent: oha/1.8.0
2025-05-22 16:45:16 [INFO] GET /hello - User-Agent: oha/1.8.0
2025-05-22 16:45:16 [INFO] GET /hello - User-Agent: oha/1.8.0
2025-05-22 16:45:16 [INFO] GET /hello - User-Agent: oha/1.8.0
2025-05-22 16:45:16 [INFO] GET /hello - User-Agent: oha/1.8.0
2025-05-22 16:45:16 [INFO] GET /hello - User-Agent: oha/1.8.0
2025-05-22 16:45:16 [INFO] GET /hello - User-Agent: oha/1.8.0
2025-05-22 16:45:16 [INFO] GET /hello - User-Agent: oha/1.8.0
2025-05-22 16:45:16 [INFO] GET /hello - User-Agent: oha/1.8.0
2025-05-22 16:45:16 [INFO] GET /hello - User-Agent: oha/1.8.0
2025-05-22 16:45:16 [INFO] GET /hello - User-Agent: oha/1.8.0
2025-05-22 16:45:16 [INFO] GET /hello - User-Agent: oha/1.8.0
2025-05-22 16:45:16 [INFO] GET /hello - User-Agent: oha/1.8.0
2025-05-22 16:45:16 [INFO] GET /hello - User-Agent: oha/1.8.0
2025-05-22 16:45:16 [INFO] GET /hello - User-Agent: oha/1.8.0
2025-05-22 16:45:16 [INFO] GET /hello - User-Agent: oha/1.8.0
2025-05-22 16:45:16 [INFO] GET /hello - User-Agent: oha/1.8.0
2025-05-22 16:45:16 [INFO] GET /hello - User-Agent: oha/1.8.0
2025-05-22 16:45:16 [INFO] GET /hello - User-Agent: oha/1.8.0
2025-05-22 16:45:16 [INFO] GET /hello - User-Agent: oha/1.8.0
2025-05-22 16:45:16 [INFO] GET /hello - User-Agent: oha/1.8.0
2025-05-22 20:28:35 [INFO] Adding middleware to path: /src/{{*p}}
2025-05-22 20:28:35 [INFO] Adding middleware to path: /css/{{*p}}
2025-05-22 20:28:35 [INFO] Adding middleware to path: /expressjs_tests/{{*p}}
2025-05-22 20:28:35 [INFO] Adding middleware to path: /{*p}
2025-05-22 20:28:35 [INFO] Adding middleware to path: /{*p}
2025-05-22 20:28:35 [INFO] Adding middleware to path: /{*p}
2025-05-22 20:28:35 [INFO] Adding middleware to path: /{{*p}}
2025-05-22 20:28:35 [INFO] Adding get handler to path: /
2025-05-22 20:28:35 [INFO] Adding get handler to path: /json
2025-05-22 20:28:35 [INFO] Adding get handler to path: /redirect
2025-05-22 20:28:35 [INFO] Adding get handler to path: /status
2025-05-22 20:28:35 [INFO] Adding get handler to path: /status/{status}
2025-05-22 20:28:35 [INFO] Adding get handler to path: /file
2025-05-22 20:28:35 [INFO] Adding middleware to path: /hello
2025-05-22 20:28:35 [INFO] Adding get handler to path: /hello
2025-05-22 20:28:35 [INFO] 🚀 Server running!
2025-05-22 20:28:35 [INFO] 📍 Local:   http://localhost:9000/
2025-05-22 20:28:35 [INFO] 🌐 Network: http://192.168.1.78:9000/
2025-05-22 20:28:39 [INFO] 🛑 Received Ctrl+C, shutting down server...
2025-05-22 20:28:44 [INFO] Adding middleware to path: /src/{{*p}}
2025-05-22 20:28:44 [INFO] Adding middleware to path: /css/{{*p}}
2025-05-22 20:28:44 [INFO] Adding middleware to path: /expressjs_tests/{{*p}}
2025-05-22 20:28:44 [INFO] Adding middleware to path: /{*p}
2025-05-22 20:28:44 [INFO] Adding middleware to path: /{*p}
2025-05-22 20:28:44 [INFO] Adding middleware to path: /{*p}
2025-05-22 20:28:44 [INFO] Adding middleware to path: /{{*p}}
2025-05-22 20:28:44 [INFO] Adding get handler to path: /
2025-05-22 20:28:44 [INFO] Adding get handler to path: /json
2025-05-22 20:28:44 [INFO] Adding get handler to path: /redirect
2025-05-22 20:28:44 [INFO] Adding get handler to path: /status
2025-05-22 20:28:44 [INFO] Adding get handler to path: /status/{status}
2025-05-22 20:28:44 [INFO] Adding get handler to path: /file
2025-05-22 20:28:44 [INFO] Adding middleware to path: /hello
2025-05-22 20:28:44 [INFO] Adding get handler to path: /hello
2025-05-22 20:28:44 [INFO] 🚀 Server running!
2025-05-22 20:28:44 [INFO] 📍 Local:   http://localhost:9000/
2025-05-22 20:28:44 [INFO] 🌐 Network: http://192.168.1.78:9000/
2025-05-22 20:29:32 [INFO] 🛑 Received Ctrl+C, shutting down server...
2025-05-22 20:31:37 [INFO] Adding middleware to path: /src/{{*p}}
2025-05-22 20:31:37 [INFO] Adding middleware to path: /css/{{*p}}
2025-05-22 20:31:37 [INFO] Adding middleware to path: /expressjs_tests/{{*p}}
2025-05-22 20:31:37 [INFO] Adding middleware to path: /{*p}
2025-05-22 20:31:37 [INFO] Adding middleware to path: /{*p}
2025-05-22 20:31:37 [INFO] Adding middleware to path: /{*p}
2025-05-22 20:31:37 [INFO] Adding middleware to path: /{{*p}}
2025-05-22 20:31:37 [INFO] Adding get handler to path: /
2025-05-22 20:31:37 [INFO] Adding get handler to path: /json
2025-05-22 20:31:37 [INFO] Adding get handler to path: /redirect
2025-05-22 20:31:37 [INFO] Adding get handler to path: /status
2025-05-22 20:31:37 [INFO] Adding get handler to path: /status/{status}
2025-05-22 20:31:37 [INFO] Adding get handler to path: /file
2025-05-22 20:31:37 [INFO] Adding middleware to path: /hello
2025-05-22 20:31:37 [INFO] Adding get handler to path: /hello
2025-05-22 20:31:37 [INFO] 🚀 Server running!
2025-05-22 20:31:37 [INFO] 📍 Local:   http://localhost:9000/
2025-05-22 20:31:37 [INFO] 🌐 Network: http://192.168.1.78:9000/
2025-05-22 20:32:05 [INFO] 🛑 Received Ctrl+C, shutting down server...
2025-05-22 20:32:09 [INFO] Adding middleware to path: /src/{{*p}}
2025-05-22 20:32:09 [INFO] Adding middleware to path: /css/{{*p}}
2025-05-22 20:32:09 [INFO] Adding middleware to path: /expressjs_tests/{{*p}}
2025-05-22 20:32:09 [INFO] Adding middleware to path: /{*p}
2025-05-22 20:32:09 [INFO] Adding middleware to path: /{*p}
2025-05-22 20:32:09 [INFO] Adding middleware to path: /{*p}
2025-05-22 20:32:09 [INFO] Adding middleware to path: /{{*p}}
2025-05-22 20:32:09 [INFO] Adding get handler to path: /
2025-05-22 20:32:09 [INFO] Adding get handler to path: /json
2025-05-22 20:32:09 [INFO] Adding get handler to path: /redirect
2025-05-22 20:32:09 [INFO] Adding get handler to path: /status
2025-05-22 20:32:09 [INFO] Adding get handler to path: /status/{status}
2025-05-22 20:32:09 [INFO] Adding get handler to path: /file
2025-05-22 20:32:09 [INFO] Adding middleware to path: /hello
2025-05-22 20:32:09 [INFO] Adding get handler to path: /hello
2025-05-22 20:32:09 [INFO] 🚀 Server running!
2025-05-22 20:32:09 [INFO] 📍 Local:   http://localhost:9000/
2025-05-22 20:32:09 [INFO] 🌐 Network: http://192.168.1.78:9000/
2025-05-22 20:32:45 [INFO] 🛑 Received Ctrl+C, shutting down server...
2025-05-22 20:32:47 [INFO] Adding middleware to path: /src/{{*p}}
2025-05-22 20:32:47 [INFO] Adding middleware to path: /css/{{*p}}
2025-05-22 20:32:47 [INFO] Adding middleware to path: /expressjs_tests/{{*p}}
2025-05-22 20:32:47 [INFO] Adding middleware to path: /{*p}
2025-05-22 20:32:47 [INFO] Adding middleware to path: /{*p}
2025-05-22 20:32:47 [INFO] Adding middleware to path: /{*p}
2025-05-22 20:32:47 [INFO] Adding middleware to path: /{{*p}}
2025-05-22 20:32:47 [INFO] Adding get handler to path: /
2025-05-22 20:32:47 [INFO] Adding get handler to path: /json
2025-05-22 20:32:47 [INFO] Adding get handler to path: /redirect
2025-05-22 20:32:47 [INFO] Adding get handler to path: /status
2025-05-22 20:32:47 [INFO] Adding get handler to path: /status/{status}
2025-05-22 20:32:47 [INFO] Adding get handler to path: /file
2025-05-22 20:32:47 [INFO] Adding middleware to path: /hello
2025-05-22 20:32:47 [INFO] Adding get handler to path: /hello
2025-05-22 20:32:47 [INFO] 🚀 Server running!
2025-05-22 20:32:47 [INFO] 📍 Local:   http://localhost:9000/
2025-05-22 20:32:47 [INFO] 🌐 Network: http://192.168.1.78:9000/
2025-05-22 20:33:29 [INFO] 🛑 Received Ctrl+C, shutting down server...
2025-05-22 20:33:37 [INFO] Adding middleware to path: /src/{{*p}}
2025-05-22 20:33:37 [INFO] Adding middleware to path: /css/{{*p}}
2025-05-22 20:33:37 [INFO] Adding middleware to path: /expressjs_tests/{{*p}}
2025-05-22 20:33:37 [INFO] Adding middleware to path: /{*p}
2025-05-22 20:33:37 [INFO] Adding middleware to path: /{*p}
2025-05-22 20:33:37 [INFO] Adding middleware to path: /{*p}
2025-05-22 20:33:37 [INFO] Adding get handler to path: /
2025-05-22 20:33:37 [INFO] Adding get handler to path: /json
2025-05-22 20:33:37 [INFO] Adding get handler to path: /redirect
2025-05-22 20:33:37 [INFO] Adding get handler to path: /status
2025-05-22 20:33:37 [INFO] Adding get handler to path: /status/{status}
2025-05-22 20:33:37 [INFO] Adding get handler to path: /file
2025-05-22 20:33:37 [INFO] Adding middleware to path: /hello
2025-05-22 20:33:37 [INFO] Adding get handler to path: /hello
2025-05-22 20:33:37 [INFO] 🚀 Server running!
2025-05-22 20:33:37 [INFO] 📍 Local:   http://localhost:9000/
2025-05-22 20:33:37 [INFO] 🌐 Network: http://192.168.1.78:9000/
2025-05-22 20:34:36 [INFO] 🛑 Received Ctrl+C, shutting down server...
